java.lang.UnsatisfiedLinkError: /data/data/com.termux/files/home/.cache/JNA/temp/jna827207288839136434.tmp: dlopen failed: library "libc.so.6" not found: needed by /data/data/com.termux/files/home/.cache/JNA/temp/jna827207288839136434.tmp in namespace (default)
  java.base/jdk.internal.loader.NativeLibraries.load(Native Method)
  java.base/jdk.internal.loader.NativeLibraries$NativeLibraryImpl.open(NativeLibraries.java:331)
  java.base/jdk.internal.loader.NativeLibraries.loadLibrary(NativeLibraries.java:197)
  java.base/jdk.internal.loader.NativeLibraries.loadLibrary(NativeLibraries.java:139)
  java.base/java.lang.ClassLoader.loadLibrary(ClassLoader.java:2418)
  java.base/java.lang.Runtime.load0(Runtime.java:852)
  java.base/java.lang.System.load(System.java:2025)
  com.sun.jna.Native.loadNativeDispatchLibraryFromClasspath(Native.java:1041)
  com.sun.jna.Native.loadNativeDispatchLibrary(Native.java:1011)
  com.sun.jna.Native.<clinit>(Native.java:221)
  coursier.jvm.Execve$LibC.<clinit>(Execve.java:14)
  coursier.jvm.Execve.execve(Execve.java:34)
  scala.build.internal.Runner$.run0(Runner.scala:85)
  scala.build.internal.Runner$.maybeExec(Runner.scala:38)
  scala.build.internal.Runner$.runJvm(Runner.scala:184)
  scala.cli.commands.repl.Repl$.maybeRunRepl$1(Repl.scala:422)
  scala.cli.commands.repl.Repl$.runRepl$$anonfun$1(Repl.scala:497)
  scala.runtime.function.JProcedure1.apply(JProcedure1.java:15)
  scala.runtime.function.JProcedure1.apply(JProcedure1.java:10)
  scala.build.EitherCps$Helper.apply(EitherCps.scala:19)
  scala.cli.commands.repl.Repl$.runRepl(Repl.scala:296)
  scala.cli.commands.repl.Repl$.doRunRepl$1(Repl.scala:150)
  scala.cli.commands.repl.Repl$.runThing$1(Repl.scala:202)
  scala.cli.commands.repl.Repl$.runCommand(Repl.scala:205)
  scala.cli.commands.default.Default.runCommand(Default.scala:62)
  scala.cli.commands.default.Default.runCommand(Default.scala:40)
  scala.cli.commands.ScalaCommand.run(ScalaCommand.scala:401)
  scala.cli.commands.ScalaCommand.run(ScalaCommand.scala:382)
  caseapp.core.app.CaseApp.main(CaseApp.scala:166)
  scala.cli.commands.ScalaCommand.main(ScalaCommand.scala:367)
  caseapp.core.app.CommandsEntryPoint.main(CommandsEntryPoint.scala:370)
  scala.cli.ScalaCliCommands.main(ScalaCliCommands.scala:125)
  scala.cli.ScalaCli$.main0$$anonfun$1(ScalaCli.scala:338)
  scala.runtime.function.JProcedure1.apply(JProcedure1.java:15)
  scala.runtime.function.JProcedure1.apply(JProcedure1.java:10)
  scala.build.EitherCps$Helper.apply(EitherCps.scala:19)
  scala.cli.ScalaCli$.main0(ScalaCli.scala:239)
  scala.cli.ScalaCli$.main(ScalaCli.scala:123)
  scala.cli.ScalaCli.main(ScalaCli.scala)
